<?xml version="1.0" encoding="UTF-8"?>
<testng-results ignored="0" total="1" passed="1" failed="0" skipped="0">
  <reporter-output>
  </reporter-output>
  <suite started-at="2022-03-23T22:36:12 IST" name="Default suite" finished-at="2022-03-23T22:37:00 IST" duration-ms="47891">
    <groups>
    </groups>
    <test started-at="2022-03-23T22:36:12 IST" name="Default test" finished-at="2022-03-23T22:37:00 IST" duration-ms="47891">
      <class name="Demo1.Flipkart">
        <test-method signature="main()[pri:0, instance:Demo1.Flipkart@3a6bb9bf]" started-at="2022-03-23T22:36:12 IST" name="main" finished-at="2022-03-23T22:37:00 IST" duration-ms="47858" status="PASS">
          <reporter-output>
          </reporter-output>
        </test-method> <!-- main -->
      </class> <!-- Demo1.Flipkart -->
    </test> <!-- Default test -->
  </suite> <!-- Default suite -->
</testng-results>
